<?xml version="1.0" encoding="UTF-8"?>
<!-- Generated by org.testng.reporters.JUnitXMLReporter -->
<testsuite ignored="0" hostname="DESKTOP-5A838FM" failures="2" tests="14" name="Tutorials Test Case" time="205.424" errors="0" timestamp="2024-08-20T11:02:54 IST">
  <testcase classname="com.testng.testcase.RegisterTest" name="validmandatoryfields" time="2.396">
    <failure type="java.lang.AssertionError" message="null">
      <![CDATA[java.lang.AssertionError: null
at com.testng.testcase.RegisterTest.validmandatoryfields(RegisterTest.java:64)
at java.base/java.util.ArrayList.forEach(ArrayList.java:1597)
... Removed 27 stack frames]]>
    </failure>
  </testcase> <!-- validmandatoryfields -->
  <testcase classname="com.testng.testcase.RegisterTest" name="validselectingallfields" time="2.417"/>
  <testcase classname="com.testng.testcase.RegisterTest" name="validexistingemailaddressfields" time="2.213"/>
  <testcase classname="com.testng.testcase.RegisterTest" name="validwithoutfillinganyfield" time="0.947"/>
  <testcase classname="com.testng.testcase.LoginTest" name="verifylogincredentials" time="1.129"/>
  <testcase classname="com.testng.testcase.LoginTest" name="verifylogincredentials" time="1.161"/>
  <testcase classname="com.testng.testcase.LoginTest" name="verifylogincredentials" time="1.334"/>
  <testcase classname="com.testng.testcase.LoginTest" name="verifyInvalidlogincredentials" time="1.29"/>
  <testcase classname="com.testng.testcase.LoginTest" name="verifyinvalidemailandvalidpassword" time="1.205"/>
  <testcase classname="com.testng.testcase.LoginTest" name="verifyinvalidemailandinvalidpassword" time="1.248"/>
  <testcase classname="com.testng.testcase.LoginTest" name="verifyemptytxt" time="4.815"/>
  <testcase classname="com.testng.testcase.SearchTest" name="verifySearchWithValidProduct" time="0.967"/>
  <testcase classname="com.testng.testcase.SearchTest" name="verifySearchWithInValidProduct" time="0.64">
    <failure type="java.lang.AssertionError" message="expected [There is no product that matches the search criteria..] but found [There is no product that matches the search criteria.]">
      <![CDATA[java.lang.AssertionError: expected [There is no product that matches the search criteria..] but found [There is no product that matches the search criteria.]
at com.testng.testcase.SearchTest.verifySearchWithInValidProduct(SearchTest.java:60)
at java.base/java.util.ArrayList.forEach(ArrayList.java:1597)
... Removed 31 stack frames]]>
    </failure>
  </testcase> <!-- verifySearchWithInValidProduct -->
  <testcase classname="com.testng.testcase.SearchTest" name="verifySearchWithoutAnyProduct" time="0.0">
    <skipped/>
  </testcase> <!-- verifySearchWithoutAnyProduct -->
</testsuite> <!-- Tutorials Test Case -->
